1618810836147	mozrunner::runner	INFO	Running command: "C:\\Program Files\\Mozilla Firefox\\firefox.exe" "-marionette" "-foreground" "-no-remote" "-profile" "C:\\Users\\Sanskar\\AppData\\Local\\Temp\\rust_mozprofile.RNjQqyn1Iwix"
JavaScript error: resource://gre/modules/XULStore.jsm, line 66: Error: Can't find profile directory.
console.warn: SearchSettings: "get: No settings file exists, new profile?" (new Error("", "(unknown module)"))
1618810854622	Marionette	INFO	Listening on port 60001
1618810855627	Marionette	WARN	TLS certificate errors will be ignored for this session
1618810940828	Marionette	INFO	Stopped listening on port 60001

###!!! [Child][RunMessage] Error: Channel closing: too late to send/recv, messages will be lost

1618811037398	mozrunner::runner	INFO	Running command: "C:\\Program Files\\Mozilla Firefox\\firefox.exe" "-marionette" "-foreground" "-no-remote" "-profile" "C:\\Users\\Sanskar\\AppData\\Local\\Temp\\rust_mozprofile.I1VnVId43xe5"
JavaScript error: resource://gre/modules/XULStore.jsm, line 66: Error: Can't find profile directory.
console.warn: SearchSettings: "get: No settings file exists, new profile?" (new Error("", "(unknown module)"))
1618811044366	Marionette	INFO	Listening on port 60172
1618811044779	Marionette	WARN	TLS certificate errors will be ignored for this session
Marionette threw an error: TypeError: browsingContextFn().currentWindowGlobal is null
getMarionetteCommandsActorProxy/get/<@chrome://marionette/content/actors/MarionetteCommandsParent.jsm:331:29

1618811164774	Marionette	INFO	Stopped listening on port 60172
1618811348753	mozrunner::runner	INFO	Running command: "C:\\Program Files\\Mozilla Firefox\\firefox.exe" "-marionette" "-foreground" "-no-remote" "-profile" "C:\\Users\\Sanskar\\AppData\\Local\\Temp\\rust_mozprofile.iIx3HqZEOegu"
JavaScript error: resource://gre/modules/XULStore.jsm, line 66: Error: Can't find profile directory.
console.warn: SearchSettings: "get: No settings file exists, new profile?" (new Error("", "(unknown module)"))
1618811352321	Marionette	INFO	Listening on port 60319
1618811352400	Marionette	WARN	TLS certificate errors will be ignored for this session
1618811419487	Marionette	INFO	Stopped listening on port 60319

###!!! [Child][RunMessage] Error: Channel closing: too late to send/recv, messages will be lost

1618811560274	mozrunner::runner	INFO	Running command: "C:\\Program Files\\Mozilla Firefox\\firefox.exe" "-marionette" "-foreground" "-no-remote" "-profile" "C:\\Users\\Sanskar\\AppData\\Local\\Temp\\rust_mozprofile.1yTDgmNKKqYk"
JavaScript error: resource://gre/modules/XULStore.jsm, line 66: Error: Can't find profile directory.
console.warn: SearchSettings: "get: No settings file exists, new profile?" (new Error("", "(unknown module)"))
1618811564145	Marionette	INFO	Listening on port 60470
1618811564426	Marionette	WARN	TLS certificate errors will be ignored for this session
1618811690649	Marionette	INFO	Stopped listening on port 60470

###!!! [Child][RunMessage] Error: Channel closing: too late to send/recv, messages will be lost

1618818552287	mozrunner::runner	INFO	Running command: "C:\\Program Files\\Mozilla Firefox\\firefox.exe" "-marionette" "-foreground" "-no-remote" "-profile" "C:\\Users\\Sanskar\\AppData\\Local\\Temp\\rust_mozprofile.JvU1KbsBNwaJ"
JavaScript error: resource://gre/modules/XULStore.jsm, line 66: Error: Can't find profile directory.
console.warn: SearchSettings: "get: No settings file exists, new profile?" (new Error("", "(unknown module)"))
1618818560392	Marionette	INFO	Listening on port 61516
1618818560658	Marionette	WARN	TLS certificate errors will be ignored for this session

###!!! [Child][RunMessage] Error: Channel closing: too late to send/recv, messages will be lost


###!!! [Child][RunMessage] Error: Channel closing: too late to send/recv, messages will be lost


###!!! [Child][RunMessage] Error: Channel closing: too late to send/recv, messages will be lost

1618818635068	Marionette	INFO	Stopped listening on port 61516

###!!! [Child][RunMessage] Error: Channel closing: too late to send/recv, messages will be lost

1618818793664	mozrunner::runner	INFO	Running command: "C:\\Program Files\\Mozilla Firefox\\firefox.exe" "-marionette" "-foreground" "-no-remote" "-profile" "C:\\Users\\Sanskar\\AppData\\Local\\Temp\\rust_mozprofile.tWCxQbNl38Hr"
JavaScript error: resource://gre/modules/XULStore.jsm, line 66: Error: Can't find profile directory.
console.warn: SearchSettings: "get: No settings file exists, new profile?" (new Error("", "(unknown module)"))
1618818802300	Marionette	INFO	Listening on port 61680
1618818802623	Marionette	WARN	TLS certificate errors will be ignored for this session
[Parent 16332, IPC I/O Parent] WARNING: file /builds/worker/checkouts/gecko/ipc/chromium/src/base/process_util_win.cc:167
1618818837863	Marionette	INFO	Stopped listening on port 61680

###!!! [Child][RunMessage] Error: Channel closing: too late to send/recv, messages will be lost

1618818860688	mozrunner::runner	INFO	Running command: "C:\\Program Files\\Mozilla Firefox\\firefox.exe" "-marionette" "-foreground" "-no-remote" "-profile" "C:\\Users\\Sanskar\\AppData\\Local\\Temp\\rust_mozprofile.9wkFJ41csAGx"
JavaScript error: resource://gre/modules/XULStore.jsm, line 66: Error: Can't find profile directory.
console.warn: SearchSettings: "get: No settings file exists, new profile?" (new Error("", "(unknown module)"))
1618818869071	Marionette	INFO	Listening on port 61806
1618818869191	Marionette	WARN	TLS certificate errors will be ignored for this session
Marionette threw an error: NotFoundError: WindowGlobalParent.getActor: No such JSWindowActor 'MarionetteCommands'
getMarionetteCommandsActorProxy/get/<@chrome://marionette/content/actors/MarionetteCommandsParent.jsm:331:69
unregisterCommandsActor@chrome://marionette/content/actors/MarionetteCommandsParent.jsm:394:15
GeckoDriver.prototype.deleteSession@chrome://marionette/content/driver.js:2370:3
onClosed@chrome://marionette/content/server.js:195:17
close@chrome://marionette/content/transport.js:225:18
onInputStreamReady@chrome://marionette/content/transport.js:379:14

1618818977316	Marionette	INFO	Stopped listening on port 61806

###!!! [Child][RunMessage] Error: Channel closing: too late to send/recv, messages will be lost

rs\\Sanskar\\AppData\\Local\\Temp\\rust_mozprofile.ppRuztjzCQNa"
JavaScript error: resource://gre/modules/XULStore.jsm, line 66: Error: Can't find profile directory.
console.warn: SearchSettings: "get: No settings file exists, new profile?" (new Error("", "(unknown module)"))
1618818948173	Marionette	INFO	Listening on port 61980
1618818949061	Marionette	WARN	TLS certificate errors will be ignored for this session
1618818978994	Marionette	INFO	Stopped listening on port 61980

###!!! [Child][RunMessage] Error: Channel closing: too late to send/recv, messages will be lost

1618819040404	mozrunner::runner	INFO	Running command: "C:\\Program Files\\Mozilla Firefox\\firefox.exe" "-marionette" "-foreground" "-no-remote" "-profile" "C:\\Users\\Sanskar\\AppData\\Local\\Temp\\rust_mozprofile.NZ5m4sx8OR0C"
JavaScript error: resource://gre/modules/XULStore.jsm, line 66: Error: Can't find profile directory.
console.warn: SearchSettings: "get: No settings file exists, new profile?" (new Error("", "(unknown module)"))
console.error: "Could not write session state file " (new Error("_initWorker called too early! Please read the session file from disk first.", "resource:///modules/sessionstore/SessionFile.jsm", 375)) "_initWorker/<@resource:///modules/sessionstore/SessionFile.jsm:375:15\n_initWorker@resource:///modules/sessionstore/SessionFile.jsm:368:12\n_postToWorker@resource:///modules/sessionstore/SessionFile.jsm:410:16\nwrite@resource:///modules/sessionstore/SessionFile.jsm:448:24\nwrite@resource:///modules/sessionstore/SessionFile.jsm:75:32\n_writeState@resource:///modules/sessionstore/SessionSaver.jsm:367:24\n_saveState@resource:///modules/sessionstore/SessionSaver.jsm:301:17\n_saveStateAsync@resource:///modules/sessionstore/SessionSaver.jsm:351:10\nsaveStateAsyncWhenIdle@resource:///modules/sessionstore/SessionSaver.jsm:198:14\ncallback@resource://gre/modules/Timer.jsm:127:16\n"
1618819068929	Marionette	INFO	Listening on port 62165
1618819069646	Marionette	WARN	TLS certificate errors will be ignored for this session
1618819142594	Marionette	INFO	Stopped listening on port 62165
1618819186188	mozrunner::runner	INFO	Running command: "C:\\Program Files\\Mozilla Firefox\\firefox.exe" "-marionette" "-foreground" "-no-remote" "-profile" "C:\\Users\\Sanskar\\AppData\\Local\\Temp\\rust_mozprofile.X7tBsxqsq15r"
JavaScript error: resource://gre/modules/XULStore.jsm, line 66: Error: Can't find profile directory.
console.warn: SearchSettings: "get: No settings file exists, new profile?" (new Error("", "(unknown module)"))
1618819191282	Marionette	INFO	Listening on port 62356
1618819191428	Marionette	WARN	TLS certificate errors will be ignored for this session
1618819210647	Marionette	INFO	Stopped listening on port 62356
1618819691742	mozrunner::runner	INFO	Running command: "C:\\Program Files\\Mozilla Firefox\\firefox.exe" "-marionette" "-foreground" "-no-remote" "-profile" "C:\\Users\\Sanskar\\AppData\\Local\\Temp\\rust_mozprofile.t80fY0WxO9tJ"
JavaScript error: resource://gre/modules/XULStore.jsm, line 66: Error: Can't find profile directory.
console.warn: SearchSettings: "get: No settings file exists, new profile?" (new Error("", "(unknown module)"))
1618819696624	Marionette	INFO	Listening on port 62764
1618819697089	Marionette	WARN	TLS certificate errors will be ignored for this session
1618819780636	Marionette	INFO	Stopped listening on port 62764
[Parent 14508, IPC I/O Parent] WARNING: file /builds/worker/checkouts/gecko/ipc/chromium/src/base/process_util_win.cc:167

###!!! [Child][RunMessage] Error: Channel closing: too late to send/recv, messages will be lost

1618820130819	mozrunner::runner	INFO	Running command: "C:\\Program Files\\Mozilla Firefox\\firefox.exe" "-marionette" "-foreground" "-no-remote" "-profile" "C:\\Users\\Sanskar\\AppData\\Local\\Temp\\rust_mozprofile.LdHUHEWsulQK"
JavaScript error: resource://gre/modules/XULStore.jsm, line 66: Error: Can't find profile directory.
console.warn: SearchSettings: "get: No settings file exists, new profile?" (new Error("", "(unknown module)"))
1618820136397	Marionette	INFO	Listening on port 63015
1618820136544	Marionette	WARN	TLS certificate errors will be ignored for this session
1618820169919	Marionette	INFO	Stopped listening on port 63015
[Parent 9036, IPC I/O Parent] WARNING: file /builds/worker/checkouts/gecko/ipc/chromium/src/base/process_util_win.cc:167

###!!! [Child][RunMessage] Error: Channel closing: too late to send/recv, messages will be lost

1618820340377	mozrunner::runner	INFO	Running command: "C:\\Program Files\\Mozilla Firefox\\firefox.exe" "-marionette" "-foreground" "-no-remote" "-profile" "C:\\Users\\Sanskar\\AppData\\Local\\Temp\\rust_mozprofile.36TaZSSJYzwa"
JavaScript error: resource://gre/modules/XULStore.jsm, line 66: Error: Can't find profile directory.
console.warn: SearchSettings: "get: No settings file exists, new profile?" (new Error("", "(unknown module)"))
1618820343485	Marionette	INFO	Listening on port 63182
1618820343506	Marionette	WARN	TLS certificate errors will be ignored for this session
1618820387446	Marionette	INFO	Stopped listening on port 63182
console.warn: "Async method failed in safeAsyncMethod" (new Error("Connection closed, pending request to server0.conn0.child3/customhighlighter128, type hide failed\n\nRequest stack:\nrequest@resource://devtools/shared/protocol/Front.js:288:14\ngenerateRequestMethods/</frontProto[name]@resource://devtools/shared/protocol/Front/FrontClassWithSpec.js:46:19\nhide@resource://devtools/client/fronts/highlighters.js:32:18\nexports.safeAsyncMethod/<@resource://devtools/shared/async-utils.js:57:25\nhideHighlighterType@resource://devtools/client/inspector/shared/highlighters-overlay.js:636:23\nexports.safeAsyncMethod/<@resource://devtools/shared/async-utils.js:57:25\n_hideBoxModel@resource://devtools/client/inspector/markup/markup.js:732:40\n_onMouseOut@resource://devtools/client/inspector/markup/markup.js:700:16\nobserve@resource://gre/modules/AsyncShutdown.jsm:575:16\nGeckoDriver.prototype.quit@chrome://marionette/content/driver.js:2889:20\ndespatch@chrome://marionette/content/server.js:295:40\nexecute@chrome://marionette/content/server.js:265:16\nonPacket/<@chrome://marionette/content/server.js:238:20\nonPacket@chrome://marionette/content/server.js:239:9\n_onJSONObjectReady/<@chrome://marionette/content/transport.js:504:20\n", "resource://devtools/shared/protocol/Front.js", 99))
[Parent 4352, IPC I/O Parent] WARNING: file /builds/worker/checkouts/gecko/ipc/chromium/src/base/process_util_win.cc:167

###!!! [Child][RunMessage] Error: Channel closing: too late to send/recv, messages will be lost

1618820680782	mozrunner::runner	INFO	Running command: "C:\\Program Files\\Mozilla Firefox\\firefox.exe" "-marionette" "-foreground" "-no-remote" "-profile" "C:\\Users\\Sanskar\\AppData\\Local\\Temp\\rust_mozprofile.fdg9v3qqLEhZ"
JavaScript error: resource://gre/modules/XULStore.jsm, line 66: Error: Can't find profile directory.
console.warn: SearchSettings: "get: No settings file exists, new profile?" (new Error("", "(unknown module)"))
1618820685373	Marionette	INFO	Listening on port 63347
1618820685513	Marionette	WARN	TLS certificate errors will be ignored for this session
1618820726720	Marionette	INFO	Stopped listening on port 63347
[Child 10640, IPC I/O Child] WARNING: pipe error: 232: file /builds/worker/checkouts/gecko/ipc/chromium/src/chrome/common/ipc_channel_win.cc:544
[Child 10640, IPC I/O Child] WARNING: pipe error: 232: file /builds/worker/checkouts/gecko/ipc/chromium/src/chrome/common/ipc_channel_win.cc:544

###!!! [Child][RunMessage] Error: Channel closing: too late to send/recv, messages will be lost


###!!! [Child][RunMessage] Error: Channel closing: too late to send/recv, messages will be lost


###!!! [Child][RunMessage] Error: Channel closing: too late to send/recv, messages will be lost

1618820853837	mozrunner::runner	INFO	Running command: "C:\\Program Files\\Mozilla Firefox\\firefox.exe" "-marionette" "-foreground" "-no-remote" "-profile" "C:\\Users\\Sanskar\\AppData\\Local\\Temp\\rust_mozprofile.idXELQHo2oM2"
JavaScript error: resource://gre/modules/XULStore.jsm, line 66: Error: Can't find profile directory.
console.warn: SearchSettings: "get: No settings file exists, new profile?" (new Error("", "(unknown module)"))
1618820859053	Marionette	INFO	Listening on port 63478
1618820859561	Marionette	WARN	TLS certificate errors will be ignored for this session
1618820905704	Marionette	INFO	Stopped listening on port 63478

###!!! [Child][RunMessage] Error: Channel closing: too late to send/recv, messages will be lost

1618827688504	mozrunner::runner	INFO	Running command: "C:\\Program Files\\Mozilla Firefox\\firefox.exe" "-marionette" "-foreground" "-no-remote" "-profile" "C:\\Users\\Sanskar\\AppData\\Local\\Temp\\rust_mozprofile.uqyQgtUyG3xR"
JavaScript error: resource://gre/modules/XULStore.jsm, line 66: Error: Can't find profile directory.
console.warn: SearchSettings: "get: No settings file exists, new profile?" (new Error("", "(unknown module)"))
1618827699211	Marionette	INFO	Listening on port 64683
1618827699716	Marionette	WARN	TLS certificate errors will be ignored for this session
[Parent 10304, IPC I/O Parent] WARNING: file /builds/worker/checkouts/gecko/ipc/chromium/src/base/process_util_win.cc:167
[Parent 10304, IPC I/O Parent] WARNING: file /builds/worker/checkouts/gecko/ipc/chromium/src/base/process_util_win.cc:167
[Parent 10304, IPC I/O Parent] WARNING: file /builds/worker/checkouts/gecko/ipc/chromium/src/base/process_util_win.cc:167
1618827723634	Marionette	INFO	Stopped listening on port 64683
1618827760945	mozrunner::runner	INFO	Running command: "C:\\Program Files\\Mozilla Firefox\\firefox.exe" "-marionette" "-foreground" "-no-remote" "-profile" "C:\\Users\\Sanskar\\AppData\\Local\\Temp\\rust_mozprofile.KzOITQLdtW8S"
JavaScript error: resource://gre/modules/XULStore.jsm, line 66: Error: Can't find profile directory.
console.warn: SearchSettings: "get: No settings file exists, new profile?" (new Error("", "(unknown module)"))
1618827766532	Marionette	INFO	Listening on port 64818
1618827766679	Marionette	WARN	TLS certificate errors will be ignored for this session
1618827810523	Marionette	INFO	Stopped listening on port 64818
1618828226903	mozrunner::runner	INFO	Running command: "C:\\Program Files\\Mozilla Firefox\\firefox.exe" "-marionette" "-foreground" "-no-remote" "-profile" "C:\\Users\\Sanskar\\AppData\\Local\\Temp\\rust_mozprofile.lommFJ4FHQ4T"
JavaScript error: resource://gre/modules/XULStore.jsm, line 66: Error: Can't find profile directory.
console.warn: SearchSettings: "get: No settings file exists, new profile?" (new Error("", "(unknown module)"))
1618828234040	Marionette	INFO	Listening on port 65437
1618828234244	Marionette	WARN	TLS certificate errors will be ignored for this session
1618828279163	Marionette	INFO	Stopped listening on port 65437
[Child 8272, IPC I/O Child] WARNING: pipe error: 232: file /builds/worker/checkouts/gecko/ipc/chromium/src/chrome/common/ipc_channel_win.cc:544
[Parent 16844, IPC I/O Parent] WARNING: file /builds/worker/checkouts/gecko/ipc/chromium/src/base/process_util_win.cc:167

###!!! [Child][RunMessage] Error: Channel closing: too late to send/recv, messages will be lost

1618834314325	mozrunner::runner	INFO	Running command: "C:\\Program Files\\Mozilla Firefox\\firefox.exe" "-marionette" "-foreground" "-no-remote" "-profile" "C:\\Users\\Sanskar\\AppData\\Local\\Temp\\rust_mozprofile.w4PsZfvPxSv5"
JavaScript error: resource://gre/modules/XULStore.jsm, line 66: Error: Can't find profile directory.
console.warn: SearchSettings: "get: No settings file exists, new profile?" (new Error("", "(unknown module)"))
1618834320893	Marionette	INFO	Listening on port 51034
1618834321178	Marionette	WARN	TLS certificate errors will be ignored for this session
1618834371157	Marionette	INFO	Stopped listening on port 51034
JavaScript error: resource://gre/modules/CrashManager.jsm, line 833: NotAllowedError: Shutting down and refusing additional I/O tasks

###!!! [Child][RunMessage] Error: Channel closing: too late to send/recv, messages will be lost

1618834541428	mozrunner::runner	INFO	Running command: "C:\\Program Files\\Mozilla Firefox\\firefox.exe" "-marionette" "-foreground" "-no-remote" "-profile" "C:\\Users\\Sanskar\\AppData\\Local\\Temp\\rust_mozprofile.W2jgKv27mXl8"
JavaScript error: resource://gre/modules/XULStore.jsm, line 66: Error: Can't find profile directory.
console.warn: SearchSettings: "get: No settings file exists, new profile?" (new Error("", "(unknown module)"))
[Parent 13340, IPC I/O Parent] WARNING: file /builds/worker/checkouts/gecko/ipc/chromium/src/base/process_util_win.cc:167
1618834555829	Marionette	INFO	Listening on port 51189
1618834556123	Marionette	WARN	TLS certificate errors will be ignored for this session
1618834608637	Marionette	INFO	Stopped listening on port 51189
[Parent 13340, IPC I/O Parent] WARNING: file /builds/worker/checkouts/gecko/ipc/chromium/src/base/process_util_win.cc:167

###!!! [Child][RunMessage] Error: Channel closing: too late to send/recv, messages will be lost

1618834629004	mozrunner::runner	INFO	Running command: "C:\\Program Files\\Mozilla Firefox\\firefox.exe" "-marionette" "-foreground" "-no-remote" "-profile" "C:\\Users\\Sanskar\\AppData\\Local\\Temp\\rust_mozprofile.lcA9fMNPuH0j"
JavaScript error: resource://gre/modules/XULStore.jsm, line 66: Error: Can't find profile directory.
console.warn: SearchSettings: "get: No settings file exists, new profile?" (new Error("", "(unknown module)"))
1618834638704	Marionette	INFO	Listening on port 51334
1618834638963	Marionette	WARN	TLS certificate errors will be ignored for this session
[Parent 12092, IPC I/O Parent] WARNING: file /builds/worker/checkouts/gecko/ipc/chromium/src/base/process_util_win.cc:167
1618834680911	Marionette	INFO	Stopped listening on port 51334

###!!! [Child][RunMessage] Error: Channel closing: too late to send/recv, messages will be lost

1618838167038	mozrunner::runner	INFO	Running command: "C:\\Program Files\\Mozilla Firefox\\firefox.exe" "-marionette" "-foreground" "-no-remote" "-profile" "C:\\Users\\Sanskar\\AppData\\Local\\Temp\\rust_mozprofile.28fq05Slu0pF"
JavaScript error: resource://gre/modules/XULStore.jsm, line 66: Error: Can't find profile directory.
console.warn: SearchSettings: "get: No settings file exists, new profile?" (new Error("", "(unknown module)"))
JavaScript error: resource://activity-stream/lib/ActivityStreamPrefs.jsm, line 27: NS_ERROR_ILLEGAL_VALUE: Component returned failure code: 0x80070057 (NS_ERROR_ILLEGAL_VALUE) [nsIPrefBranch.removeObserver]
console.error: Region.jsm: "Error fetching region" (new TypeError("NetworkError when attempting to fetch resource.", ""))
console.error: Region.jsm: "Failed to fetch region" (new Error("NO_RESULT", "resource://gre/modules/Region.jsm", 419))
[Parent 8780, IPC I/O Parent] WARNING: file /builds/worker/checkouts/gecko/ipc/chromium/src/base/process_util_win.cc:167
JavaScript error: resource://activity-stream/lib/PlacesFeed.jsm, line 168: NS_ERROR_XPC_GS_RETURNED_FAILURE: ServiceManager::GetService returned failure code:
JavaScript error: resource://gre/modules/ExtensionSettingsStore.jsm, line 122: Error: The ExtensionSettingsStore was accessed before the initialize promise resolved.
[Parent 8780, IPC I/O Parent] WARNING: file /builds/worker/checkouts/gecko/ipc/chromium/src/base/process_util_win.cc:167
console.error: "Could not load engine google@search.mozilla.org: TypeError: AddonManagerInternal._getProviderByName(...) is undefined"
console.error: "Could not load engine amazondotcom@search.mozilla.org: TypeError: AddonManagerInternal._getProviderByName(...) is undefined"
console.error: "Could not load engine wikipedia@search.mozilla.org: TypeError: AddonManagerInternal._getProviderByName(...) is undefined"
console.error: "Could not load engine bing@search.mozilla.org: TypeError: AddonManagerInternal._getProviderByName(...) is undefined"
console.error: "Could not load engine ddg@search.mozilla.org: TypeError: AddonManagerInternal._getProviderByName(...) is undefined"
console.warn: SearchService: "_init: abandoning init due to shutting down"
JavaScript error: resource://gre/modules/AsyncShutdown.jsm, line 575: uncaught exception: 2147500036
JavaScript error: resource://gre/modules/AsyncShutdown.jsm, line 575: uncaught exception: 2147500036
JavaScript error: resource://gre/modules/AsyncShutdown.jsm, line 575: uncaught exception: 2147500036
JavaScript error: resource://gre/modules/AsyncShutdown.jsm, line 575: uncaught exception: 2147500036
JavaScript error: resource://gre/modules/AsyncShutdown.jsm, line 575: uncaught exception: 2147500036
JavaScript error: resource://gre/modules/AsyncShutdown.jsm, line 575: uncaught exception: Object

###!!! [Child][RunMessage] Error: Channel closing: too late to send/recv, messages will be lost

1618838254760	mozrunner::runner	INFO	Running command: "C:\\Program Files\\Mozilla Firefox\\firefox.exe" "-marionette" "-foreground" "-no-remote" "-profile" "C:\\Users\\Sanskar\\AppData\\Local\\Temp\\rust_mozprofile.SPH7VWCEcQAR"
JavaScript error: resource://gre/modules/XULStore.jsm, line 66: Error: Can't find profile directory.
console.warn: SearchSettings: "get: No settings file exists, new profile?" (new Error("", "(unknown module)"))
1618838260558	Marionette	INFO	Listening on port 51695
1618838261895	Marionette	WARN	TLS certificate errors will be ignored for this session
[Parent 7404, IPC I/O Parent] WARNING: file /builds/worker/checkouts/gecko/ipc/chromium/src/base/process_util_win.cc:167
1618838296937	Marionette	INFO	Stopped listening on port 51695

###!!! [Child][RunMessage] Error: Channel closing: too late to send/recv, messages will be lost

1618860193665	mozrunner::runner	INFO	Running command: "C:\\Program Files\\Mozilla Firefox\\firefox.exe" "-marionette" "-foreground" "-no-remote" "-profile" "C:\\Users\\Sanskar\\AppData\\Local\\Temp\\rust_mozprofile.QFAmq1TWlBjk"
JavaScript error: resource://gre/modules/XULStore.jsm, line 66: Error: Can't find profile directory.
console.warn: SearchSettings: "get: No settings file exists, new profile?" (new Error("", "(unknown module)"))
[Parent 12620, IPC I/O Parent] WARNING: file /builds/worker/checkouts/gecko/ipc/chromium/src/base/process_util_win.cc:167
1618860221761	Marionette	INFO	Listening on port 52867
1618860222565	Marionette	WARN	TLS certificate errors will be ignored for this session
1618860269923	Marionette	INFO	Stopped listening on port 52867
[Parent 12620, IPC I/O Parent] WARNING: file /builds/worker/checkouts/gecko/ipc/chromium/src/base/process_util_win.cc:167

###!!! [Child][RunMessage] Error: Channel closing: too late to send/recv, messages will be lost

1618860584354	mozrunner::runner	INFO	Running command: "C:\\Program Files\\Mozilla Firefox\\firefox.exe" "-marionette" "-foreground" "-no-remote" "-profile" "C:\\Users\\Sanskar\\AppData\\Local\\Temp\\rust_mozprofile.UE04BBV5Ra3T"
JavaScript error: resource://gre/modules/XULStore.jsm, line 66: Error: Can't find profile directory.
console.warn: SearchSettings: "get: No settings file exists, new profile?" (new Error("", "(unknown module)"))
1618860612442	Marionette	INFO	Listening on port 53035
1618860612944	Marionette	WARN	TLS certificate errors will be ignored for this session
1618860661348	Marionette	INFO	Stopped listening on port 53035
[Parent 9472, IPC I/O Parent] WARNING: file /builds/worker/checkouts/gecko/ipc/chromium/src/base/process_util_win.cc:167

###!!! [Child][RunMessage] Error: Channel closing: too late to send/recv, messages will be lost

1618860832453	mozrunner::runner	INFO	Running command: "C:\\Program Files\\Mozilla Firefox\\firefox.exe" "-marionette" "-foreground" "-no-remote" "-profile" "C:\\Users\\Sanskar\\AppData\\Local\\Temp\\rust_mozprofile.wN7sFtu7simJ"
JavaScript error: resource://gre/modules/XULStore.jsm, line 66: Error: Can't find profile directory.
console.warn: SearchSettings: "get: No settings file exists, new profile?" (new Error("", "(unknown module)"))
1618860843552	Marionette	INFO	Listening on port 53260
1618860843658	Marionette	WARN	TLS certificate errors will be ignored for this session
1618860895606	Marionette	INFO	Stopped listening on port 53260
JavaScript error: resource://gre/modules/AsyncShutdown.jsm, line 575: NotFoundError: No such JSWindowActor 'MarionetteEvents'
[Child 13684, IPC I/O Child] WARNING: pipe error: 232: file /builds/worker/checkouts/gecko/ipc/chromium/src/chrome/common/ipc_channel_win.cc:544
[Parent 13908, IPC I/O Parent] WARNING: file /builds/worker/checkouts/gecko/ipc/chromium/src/base/process_util_win.cc:167

###!!! [Child][RunMessage] Error: Channel closing: too late to send/recv, messages will be lost

1618861113329	mozrunner::runner	INFO	Running command: "C:\\Program Files\\Mozilla Firefox\\firefox.exe" "-marionette" "-foreground" "-no-remote" "-profile" "C:\\Users\\Sanskar\\AppData\\Local\\Temp\\rust_mozprofile.gXvqr5VogFOZ"
JavaScript error: resource://gre/modules/XULStore.jsm, line 66: Error: Can't find profile directory.
console.warn: SearchSettings: "get: No settings file exists, new profile?" (new Error("", "(unknown module)"))
1618861123021	Marionette	INFO	Listening on port 53478
1618861123350	Marionette	WARN	TLS certificate errors will be ignored for this session
1618861133070	Marionette	WARN	Ignoring event 'DOMContentLoaded' because document has an invalid readyState of 'complete'.
JavaScript error: https://www.udemy.com/staticx/udemy/js/webpack/entry-udlite-baseline-modern-vendor.7af39c42578333c3ee9e.js, line 1: Error: Request aborted
1618861187208	Marionette	INFO	Stopped listening on port 53478

###!!! [Child][RunMessage] Error: Channel closing: too late to send/recv, messages will be lost

1618861642702	mozrunner::runner	INFO	Running command: "C:\\Program Files\\Mozilla Firefox\\firefox.exe" "-marionette" "-foreground" "-no-remote" "-profile" "C:\\Users\\Sanskar\\AppData\\Local\\Temp\\rust_mozprofile.KPOQg0kKV2OL"
JavaScript error: resource://gre/modules/XULStore.jsm, line 66: Error: Can't find profile directory.
console.warn: SearchSettings: "get: No settings file exists, new profile?" (new Error("", "(unknown module)"))
1618861649486	Marionette	INFO	Listening on port 53653
1618861649535	Marionette	WARN	TLS certificate errors will be ignored for this session
1618861651942	Marionette	INFO	Stopped listening on port 53653

###!!! [Child][RunMessage] Error: Channel closing: too late to send/recv, messages will be lost

JavaScript error: resource://gre/modules/Sqlite.jsm, line 1030: Error: Sqlite.jsm has been shutdown. Cannot open connection to: C:\Users\Sanskar\AppData\Local\Temp\rust_mozprofile.KPOQg0kKV2OL\protections.sqlite
console.log: "RemoteSettingsWorker error: Error: Can't import when we've started shutting down."
console.log: "RemoteSettingsWorker error: Error: Can't import when we've started shutting down."
console.log: "RemoteSettingsWorker error: Error: Can't import when we've started shutting down."
console.log: "RemoteSettingsWorker error: Error: Can't import when we've started shutting down."
console.log: "RemoteSettingsWorker error: Error: Can't import when we've started shutting down."
console.log: "RemoteSettingsWorker error: Error: Can't import when we've started shutting down."
console.error: "Could not load engine google@search.mozilla.org: [Exception... \"AddonManager is not initialized\"  nsresult: \"0xc1f30001 (NS_ERROR_NOT_INITIALIZED)\"  location: \"JS frame :: resource://gre/modules/AddonManager.jsm :: installBuiltinAddon :: line 2550\"  data: no]"
console.error: "Could not load engine amazondotcom@search.mozilla.org: [Exception... \"AddonManager is not initialized\"  nsresult: \"0xc1f30001 (NS_ERROR_NOT_INITIALIZED)\"  location: \"JS frame :: resource://gre/modules/AddonManager.jsm :: installBuiltinAddon :: line 2550\"  data: no]"
console.error: "Could not load engine wikipedia@search.mozilla.org: [Exception... \"AddonManager is not initialized\"  nsresult: \"0xc1f30001 (NS_ERROR_NOT_INITIALIZED)\"  location: \"JS frame :: resource://gre/modules/AddonManager.jsm :: installBuiltinAddon :: line 2550\"  data: no]"
console.error: "Could not load engine bing@search.mozilla.org: [Exception... \"AddonManager is not initialized\"  nsresult: \"0xc1f30001 (NS_ERROR_NOT_INITIALIZED)\"  location: \"JS frame :: resource://gre/modules/AddonManager.jsm :: installBuiltinAddon :: line 2550\"  data: no]"
console.error: "Could not load engine ddg@search.mozilla.org: [Exception... \"AddonManager is not initialized\"  nsresult: \"0xc1f30001 (NS_ERROR_NOT_INITIALIZED)\"  location: \"JS frame :: resource://gre/modules/AddonManager.jsm :: installBuiltinAddon :: line 2550\"  data: no]"
console.warn: SearchService: "_init: abandoning init due to shutting down"
JavaScript error: resource://gre/modules/AsyncShutdown.jsm, line 575: uncaught exception: 2147500036
JavaScript error: resource://gre/modules/AsyncShutdown.jsm, line 575: uncaught exception: 2147500036
JavaScript error: resource://gre/modules/AsyncShutdown.jsm, line 575: uncaught exception: 2147500036
JavaScript error: resource://gre/modules/AsyncShutdown.jsm, line 575: uncaught exception: 2147500036
JavaScript error: resource://gre/modules/AsyncShutdown.jsm, line 575: uncaught exception: 2147500036
JavaScript error: resource://gre/modules/AsyncShutdown.jsm, line 575: uncaught exception: 2147500036
JavaScript error: , line 0: uncaught exception: 2147500036
JavaScript error: , line 0: AbortError: A request was aborted, for example through a call to IDBTransaction.abort.

###!!! [Child][RunMessage] Error: Channel closing: too late to send/recv, messages will be lost

JavaScript error: resource:///modules/EveryWindow.jsm, line 37: NS_ERROR_UNEXPECTED: Component returned failure code: 0x8000ffff (NS_ERROR_UNEXPECTED) [nsIWindowMediator.getEnumerator]
JavaScript error: resource://gre/modules/CrashManager.jsm, line 833: NotAllowedError: Shutting down and refusing additional I/O tasks
1618862832823	mozrunner::runner	INFO	Running command: "C:\\Program Files\\Mozilla Firefox\\firefox.exe" "-marionette" "-foreground" "-no-remote" "-profile" "C:\\Users\\Sanskar\\AppData\\Local\\Temp\\rust_mozprofile.N3a7OaJvavY3"
JavaScript error: resource://gre/modules/XULStore.jsm, line 66: Error: Can't find profile directory.
console.warn: SearchSettings: "get: No settings file exists, new profile?" (new Error("", "(unknown module)"))
1618862842552	Marionette	INFO	Listening on port 53863
1618862842850	Marionette	WARN	TLS certificate errors will be ignored for this session
1618862881871	Marionette	INFO	Stopped listening on port 53863

###!!! [Child][RunMessage] Error: Channel closing: too late to send/recv, messages will be lost

1618863183425	mozrunner::runner	INFO	Running command: "C:\\Program Files\\Mozilla Firefox\\firefox.exe" "-marionette" "-foreground" "-no-remote" "-profile" "C:\\Users\\Sanskar\\AppData\\Local\\Temp\\rust_mozprofile.VajFWGSwYzYc"
JavaScript error: resource://gre/modules/XULStore.jsm, line 66: Error: Can't find profile directory.
console.warn: SearchSettings: "get: No settings file exists, new profile?" (new Error("", "(unknown module)"))
[Parent 5268, IPC I/O Parent] WARNING: file /builds/worker/checkouts/gecko/ipc/chromium/src/base/process_util_win.cc:167
1618863191351	Marionette	INFO	Listening on port 54028
console.error: Region.jsm: "Error fetching region" (new Error("TIMEOUT", "resource://gre/modules/Region.jsm", 772))
console.error: Region.jsm: "Failed to fetch region" (new Error("TIMEOUT", "resource://gre/modules/Region.jsm", 419))
1618863191770	Marionette	WARN	TLS certificate errors will be ignored for this session
1618863234508	Marionette	INFO	Stopped listening on port 54028

###!!! [Child][RunMessage] Error: Channel closing: too late to send/recv, messages will be lost

1618863253497	mozrunner::runner	INFO	Running command: "C:\\Program Files\\Mozilla Firefox\\firefox.exe" "-marionette" "-foreground" "-no-remote" "-profile" "C:\\Users\\Sanskar\\AppData\\Local\\Temp\\rust_mozprofile.imyQ5T9mORnG"
JavaScript error: resource://gre/modules/XULStore.jsm, line 66: Error: Can't find profile directory.
console.warn: SearchSettings: "get: No settings file exists, new profile?" (new Error("", "(unknown module)"))
1618863257933	Marionette	INFO	Listening on port 54162
1618863258273	Marionette	WARN	TLS certificate errors will be ignored for this session
JavaScript error: https://www.udemy.com/staticx/udemy/js/webpack/entry-udlite-baseline-modern-vendor.9be2616b979cae0def89.js, line 1: Error: Request aborted
1618863319087	Marionette	INFO	Stopped listening on port 54162
[Parent 14216, IPC I/O Parent] WARNING: file /builds/worker/checkouts/gecko/ipc/chromium/src/base/process_util_win.cc:167

###!!! [Child][RunMessage] Error: Channel closing: too late to send/recv, messages will be lost

1618864269649	mozrunner::runner	INFO	Running command: "C:\\Program Files\\Mozilla Firefox\\firefox.exe" "-marionette" "-foreground" "-no-remote" "-profile" "C:\\Users\\Sanskar\\AppData\\Local\\Temp\\rust_mozprofile.Fj850UCeJvOd"
JavaScript error: resource://gre/modules/XULStore.jsm, line 66: Error: Can't find profile directory.
console.warn: SearchSettings: "get: No settings file exists, new profile?" (new Error("", "(unknown module)"))
1618864273581	Marionette	INFO	Listening on port 54384
1618864273904	Marionette	WARN	TLS certificate errors will be ignored for this session
1618864341099	Marionette	INFO	Stopped listening on port 54384

###!!! [Child][RunMessage] Error: Channel closing: too late to send/recv, messages will be lost

1620587704872	mozrunner::runner	INFO	Running command: "C:\\Program Files\\Mozilla Firefox\\firefox.exe" "-marionette" "-foreground" "-no-remote" "-profile" "C:\\Users\\Sanskar\\AppData\\Local\\Temp\\rust_mozprofile.OLXSBofij0vP"
1620587705554	Marionette	INFO	Marionette enabled
JavaScript error: resource://gre/modules/XULStore.jsm, line 66: Error: Can't find profile directory.
console.warn: SearchSettings: "get: No settings file exists, new profile?" (new Error("", "(unknown module)"))
1620587710007	Marionette	INFO	Listening on port 53851
1620587710121	Marionette	WARN	TLS certificate errors will be ignored for this session
JavaScript error: https://www.googletagmanager.com/gtm.js?id=GTM-7BF3X, line 1771: uncaught exception: [object Object]
JavaScript error: https://www.googletagmanager.com/gtm.js?id=GTM-7BF3X, line 1771: uncaught exception: [object Object]
1620587777595	Marionette	INFO	Stopped listening on port 53851

###!!! [Child][RunMessage] Error: Channel closing: too late to send/recv, messages will be lost

1620587914359	mozrunner::runner	INFO	Running command: "C:\\Program Files\\Mozilla Firefox\\firefox.exe" "-marionette" "-foreground" "-no-remote" "-profile" "C:\\Users\\Sanskar\\AppData\\Local\\Temp\\rust_mozprofile.onL0WihLQXwo"
1620587915260	Marionette	INFO	Marionette enabled
JavaScript error: resource://gre/modules/XULStore.jsm, line 66: Error: Can't find profile directory.
console.warn: SearchSettings: "get: No settings file exists, new profile?" (new Error("", "(unknown module)"))
1620587919600	Marionette	INFO	Listening on port 54005
1620587920109	Marionette	WARN	TLS certificate errors will be ignored for this session
JavaScript error: https://www.googletagmanager.com/gtm.js?id=GTM-7BF3X, line 1771: uncaught exception: [object Object]
JavaScript error: https://www.googletagmanager.com/gtm.js?id=GTM-7BF3X, line 1771: uncaught exception: [object Object]
1620587952802	Marionette	WARN	Ignoring event 'DOMContentLoaded' because document has an invalid readyState of 'complete'.
JavaScript error: https://www.paypalobjects.com/muse/analytics/index.html?frameId=720a9d95-48cb-401c-bf08-fe7c903b9334&propertyId=KN7K2MRKKBYD8-1&flow=visitor-info&variant=analytics&mrid=KN7K2MRKKBYD8&isMobileEnabled=true&isDesktopEnabled=true&shouldCheckCountry=true&mobileVariant=analytics&mobileFlow=visitor-info, line 2: Error: Loading chunk 0 failed.
1620588017464	Marionette	INFO	Stopped listening on port 54005

###!!! [Child][RunMessage] Error: Channel closing: too late to send/recv, messages will be lost

